[2021-05-27T23:36:33.438260+02:00] PHP_BASICS.INFO: SELECT * FROM tasks [] []
[2021-05-27T23:36:41.422797+02:00] PHP_BASICS.INFO: UPDATE tasks SET completed = ?  WHERE id = 2 [] []
[2021-05-27T23:36:42.010986+02:00] PHP_BASICS.INFO: SELECT * FROM tasks [] []
[2021-05-27T23:36:43.279102+02:00] PHP_BASICS.INFO: UPDATE tasks SET completed = ?  WHERE id = 2 [] []
[2021-05-27T23:36:43.460678+02:00] PHP_BASICS.INFO: SELECT * FROM tasks [] []
[2021-05-27T23:36:46.262221+02:00] PHP_BASICS.INFO: SELECT * FROM tasks WHERE completed = 0 [] []
[2021-05-27T23:36:49.305237+02:00] PHP_BASICS.INFO: SELECT * FROM tasks WHERE completed = 1 [] []
[2021-05-27T23:36:51.152702+02:00] PHP_BASICS.INFO: SELECT * FROM tasks [] []
[2021-05-27T23:37:34.876441+02:00] PHP_BASICS.INFO: DELETE FROM tasks WHERE id = 9 [] []
[2021-05-27T23:37:35.078560+02:00] PHP_BASICS.INFO: SELECT * FROM tasks [] []
[2021-05-27T23:38:04.279776+02:00] PHP_BASICS.INFO: SELECT * FROM tasks [] []
[2021-05-27T23:38:06.606060+02:00] PHP_BASICS.INFO: SELECT * FROM tasks WHERE completed = 0 [] []
[2021-05-27T23:38:08.568555+02:00] PHP_BASICS.INFO: SELECT * FROM tasks WHERE completed = 1 [] []
[2021-05-27T23:38:10.909941+02:00] PHP_BASICS.INFO: SELECT * FROM tasks WHERE completed = 0 [] []
[2021-05-27T23:38:14.404630+02:00] PHP_BASICS.INFO: UPDATE tasks SET completed = ?  WHERE id = 8 [] []
[2021-05-27T23:38:14.574219+02:00] PHP_BASICS.INFO: SELECT * FROM tasks WHERE completed = 0 [] []
[2021-05-27T23:38:18.610167+02:00] PHP_BASICS.INFO: SELECT * FROM tasks WHERE completed = 0 [] []
[2021-05-27T23:38:19.899537+02:00] PHP_BASICS.INFO: SELECT * FROM tasks WHERE completed = 1 [] []
[2021-05-27T23:38:50.991294+02:00] PHP_BASICS.INFO: SELECT * FROM tasks [] []
[2021-05-27T23:41:32.959463+02:00] PHP_BASICS.INFO: SELECT * FROM tasks WHERE completed = 0 [] []
[2021-05-27T23:41:34.902749+02:00] PHP_BASICS.INFO: SELECT * FROM tasks WHERE completed = 1 [] []
[2021-05-28T00:23:06.847483+02:00] PHP_BASICS.INFO: SELECT * FROM tasks [] []
[2021-05-28T00:23:25.629576+02:00] PHP_BASICS.INFO: INSERT INTO tasks (description) VALUES (?) [] []
[2021-05-28T00:23:25.754663+02:00] PHP_BASICS.INFO: SELECT * FROM tasks [] []
[2021-05-28T00:23:32.675373+02:00] PHP_BASICS.INFO: SELECT * FROM tasks WHERE completed = 0 [] []
[2021-05-28T00:23:35.692317+02:00] PHP_BASICS.INFO: SELECT * FROM tasks WHERE completed = 1 [] []
[2021-05-28T00:23:37.981368+02:00] PHP_BASICS.INFO: SELECT * FROM tasks [] []
[2021-05-28T00:23:40.444294+02:00] PHP_BASICS.INFO: UPDATE tasks SET completed = ?  WHERE id = 10 [] []
[2021-05-28T00:23:40.591886+02:00] PHP_BASICS.INFO: SELECT * FROM tasks [] []
[2021-06-15T07:51:30.955252+02:00] PHP_BASICS.INFO: SELECT * FROM tasks [] []
